{"/Users/freddiegroom/Documents/Programming/RedAcademy/AppDev/adp-2018-q3/week07-day03-bdd/student-stats/src/process-data.js": {"path":"/Users/freddiegroom/Documents/Programming/RedAcademy/AppDev/adp-2018-q3/week07-day03-bdd/student-stats/src/process-data.js","statementMap":{"0":{"start":{"line":2,"column":19},"end":{"line":2,"column":20}},"1":{"start":{"line":3,"column":26},"end":{"line":3,"column":27}},"2":{"start":{"line":5,"column":4},"end":{"line":8,"column":5}},"3":{"start":{"line":6,"column":8},"end":{"line":6,"column":32}},"4":{"start":{"line":7,"column":8},"end":{"line":7,"column":51}},"5":{"start":{"line":10,"column":4},"end":{"line":13,"column":6}},"6":{"start":{"line":17,"column":4},"end":{"line":23,"column":6}},"7":{"start":{"line":27,"column":4},"end":{"line":34,"column":11}},"8":{"start":{"line":28,"column":8},"end":{"line":32,"column":10}},"9":{"start":{"line":33,"column":8},"end":{"line":33,"column":24}},"10":{"start":{"line":38,"column":25},"end":{"line":38,"column":27}},"11":{"start":{"line":43,"column":4},"end":{"line":65,"column":5}},"12":{"start":{"line":44,"column":24},"end":{"line":44,"column":31}},"13":{"start":{"line":45,"column":29},"end":{"line":45,"column":58}},"14":{"start":{"line":48,"column":8},"end":{"line":64,"column":9}},"15":{"start":{"line":49,"column":32},"end":{"line":49,"column":47}},"16":{"start":{"line":51,"column":12},"end":{"line":53,"column":13}},"17":{"start":{"line":52,"column":16},"end":{"line":52,"column":63}},"18":{"start":{"line":55,"column":12},"end":{"line":55,"column":54}},"19":{"start":{"line":57,"column":12},"end":{"line":63,"column":13}},"20":{"start":{"line":58,"column":16},"end":{"line":58,"column":57}},"21":{"start":{"line":59,"column":16},"end":{"line":59,"column":88}},"22":{"start":{"line":61,"column":16},"end":{"line":61,"column":57}},"23":{"start":{"line":62,"column":16},"end":{"line":62,"column":88}},"24":{"start":{"line":67,"column":4},"end":{"line":67,"column":45}},"25":{"start":{"line":70,"column":20},"end":{"line":75,"column":1}},"26":{"start":{"line":71,"column":4},"end":{"line":74,"column":6}},"27":{"start":{"line":77,"column":0},"end":{"line":77,"column":29}}},"fnMap":{"0":{"name":"calcDemographics","decl":{"start":{"line":1,"column":9},"end":{"line":1,"column":25}},"loc":{"start":{"line":1,"column":32},"end":{"line":14,"column":1}},"line":1},"1":{"name":"initProjectStats","decl":{"start":{"line":16,"column":9},"end":{"line":16,"column":25}},"loc":{"start":{"line":16,"column":28},"end":{"line":24,"column":1}},"line":16},"2":{"name":"compileProjectStats","decl":{"start":{"line":26,"column":9},"end":{"line":26,"column":28}},"loc":{"start":{"line":26,"column":43},"end":{"line":35,"column":1}},"line":26},"3":{"name":"(anonymous_3)","decl":{"start":{"line":27,"column":44},"end":{"line":27,"column":45}},"loc":{"start":{"line":27,"column":71},"end":{"line":34,"column":5}},"line":27},"4":{"name":"calcProjects","decl":{"start":{"line":37,"column":9},"end":{"line":37,"column":21}},"loc":{"start":{"line":37,"column":28},"end":{"line":68,"column":1}},"line":37},"5":{"name":"(anonymous_5)","decl":{"start":{"line":70,"column":20},"end":{"line":70,"column":21}},"loc":{"start":{"line":70,"column":30},"end":{"line":75,"column":1}},"line":70}},"branchMap":{"0":{"loc":{"start":{"line":51,"column":12},"end":{"line":53,"column":13}},"type":"if","locations":[{"start":{"line":51,"column":12},"end":{"line":53,"column":13}},{"start":{"line":51,"column":12},"end":{"line":53,"column":13}}],"line":51},"1":{"loc":{"start":{"line":57,"column":12},"end":{"line":63,"column":13}},"type":"if","locations":[{"start":{"line":57,"column":12},"end":{"line":63,"column":13}},{"start":{"line":57,"column":12},"end":{"line":63,"column":13}}],"line":57}},"s":{"0":4,"1":4,"2":4,"3":8,"4":8,"5":4,"6":16,"7":4,"8":16,"9":16,"10":4,"11":4,"12":8,"13":8,"14":8,"15":32,"16":32,"17":16,"18":32,"19":32,"20":12,"21":12,"22":20,"23":20,"24":4,"25":1,"26":4,"27":1},"f":{"0":4,"1":16,"2":4,"3":16,"4":4,"5":4},"b":{"0":[16,16],"1":[12,20]},"_coverageSchema":"332fd63041d2c1bcb487cc26dd0d5f7d97098a6c","hash":"eb6dad67c598f69a9b06d72dafdb39a5fce1e4fb"}
,"/Users/freddiegroom/Documents/Programming/RedAcademy/AppDev/adp-2018-q3/week07-day03-bdd/student-stats/src/student-stats.js": {"path":"/Users/freddiegroom/Documents/Programming/RedAcademy/AppDev/adp-2018-q3/week07-day03-bdd/student-stats/src/student-stats.js","statementMap":{"0":{"start":{"line":1,"column":20},"end":{"line":1,"column":45}},"1":{"start":{"line":5,"column":8},"end":{"line":5,"column":41}},"2":{"start":{"line":9,"column":8},"end":{"line":11,"column":9}},"3":{"start":{"line":10,"column":12},"end":{"line":10,"column":52}},"4":{"start":{"line":13,"column":8},"end":{"line":13,"column":47}},"5":{"start":{"line":17,"column":0},"end":{"line":17,"column":30}}},"fnMap":{"0":{"name":"(anonymous_0)","decl":{"start":{"line":4,"column":4},"end":{"line":4,"column":5}},"loc":{"start":{"line":4,"column":25},"end":{"line":6,"column":5}},"line":4},"1":{"name":"(anonymous_1)","decl":{"start":{"line":8,"column":4},"end":{"line":8,"column":5}},"loc":{"start":{"line":8,"column":30},"end":{"line":14,"column":5}},"line":8}},"branchMap":{"0":{"loc":{"start":{"line":9,"column":8},"end":{"line":11,"column":9}},"type":"if","locations":[{"start":{"line":9,"column":8},"end":{"line":11,"column":9}},{"start":{"line":9,"column":8},"end":{"line":11,"column":9}}],"line":9}},"s":{"0":1,"1":4,"2":4,"3":1,"4":3,"5":1},"f":{"0":4,"1":4},"b":{"0":[1,3]},"_coverageSchema":"332fd63041d2c1bcb487cc26dd0d5f7d97098a6c","hash":"86d689fbf79b8069b7aba0caca74f7554e92e026"}
}
