TN:
SF:/Users/freddiegroom/Documents/Programming/RedAcademy/AppDev/adp-2018-q3/week07-day03-bdd/student-stats/src/process-data.js
FN:1,calcDemographics
FN:16,initProjectStats
FN:26,compileProjectStats
FN:27,(anonymous_3)
FN:37,calcProjects
FN:70,(anonymous_5)
FNF:6
FNH:6
FNDA:4,calcDemographics
FNDA:16,initProjectStats
FNDA:4,compileProjectStats
FNDA:16,(anonymous_3)
FNDA:4,calcProjects
FNDA:4,(anonymous_5)
DA:2,4
DA:3,4
DA:5,4
DA:6,8
DA:7,8
DA:10,4
DA:17,16
DA:27,4
DA:28,16
DA:33,16
DA:38,4
DA:43,4
DA:44,8
DA:45,8
DA:48,8
DA:49,32
DA:51,32
DA:52,16
DA:55,32
DA:57,32
DA:58,12
DA:59,12
DA:61,20
DA:62,20
DA:67,4
DA:70,1
DA:71,4
DA:77,1
LF:28
LH:28
BRDA:51,0,0,16
BRDA:51,0,1,16
BRDA:57,1,0,12
BRDA:57,1,1,20
BRF:4
BRH:4
end_of_record
TN:
SF:/Users/freddiegroom/Documents/Programming/RedAcademy/AppDev/adp-2018-q3/week07-day03-bdd/student-stats/src/student-stats.js
FN:4,(anonymous_0)
FN:8,(anonymous_1)
FNF:2
FNH:2
FNDA:4,(anonymous_0)
FNDA:4,(anonymous_1)
DA:1,1
DA:5,4
DA:9,4
DA:10,1
DA:13,3
DA:17,1
LF:6
LH:6
BRDA:9,0,0,1
BRDA:9,0,1,3
BRF:2
BRH:2
end_of_record
